[0.025s] Invoking command in '/home/cav-06/KAIST_Mobility_Challenge_Hardware/ros2_ws/build/p3_cpp': CMAKE_PREFIX_PATH=/opt/ros/foxy /usr/bin/cmake --build /home/cav-06/KAIST_Mobility_Challenge_Hardware/ros2_ws/build/p3_cpp -- -j4 -l4
[0.121s] [35m[1mScanning dependencies of target main_p3[0m
[0.162s] [ 50%] Built target control_p3
[0.181s] [ 75%] [32mBuilding CXX object CMakeFiles/main_p3.dir/src/main_p3.cpp.o[0m
[3.787s] [01m[K/home/cav-06/KAIST_Mobility_Challenge_Hardware/ros2_ws/src/p3_cpp/src/main_p3.cpp:[m[K In lambda function:
[3.788s] [01m[K/home/cav-06/KAIST_Mobility_Challenge_Hardware/ros2_ws/src/p3_cpp/src/main_p3.cpp:225:55:[m[K [01;35m[Kwarning: [m[Kcomparison of integer expressions of different signedness: â€˜[01m[Kstd::deque<double>::size_type[m[Kâ€™ {aka â€˜[01m[Klong unsigned int[m[Kâ€™} and â€˜[01m[Kconst int[m[Kâ€™ [[01;35m[K-Wsign-compare[m[K]
[3.789s]   225 |                             if ([01;35m[Khv_vel_buffer_.size() > vel_buffer_size_[m[K) hv_vel_buffer_.pop_front();
[3.789s]       |                                 [01;35m[K~~~~~~~~~~~~~~~~~~~~~~^~~~~~~~~~~~~~~~~~[m[K
[3.866s] [01m[K/home/cav-06/KAIST_Mobility_Challenge_Hardware/ros2_ws/src/p3_cpp/src/main_p3.cpp:[m[K In member function â€˜[01m[Kvoid MainTrafficController::process_roundabout_path_decision(Vehicle&, const string&, const string&)[m[Kâ€™:
[3.867s] [01m[K/home/cav-06/KAIST_Mobility_Challenge_Hardware/ros2_ws/src/p3_cpp/src/main_p3.cpp:407:79:[m[K [01;35m[Kwarning: [m[Kunused parameter â€˜[01m[Kzone[m[Kâ€™ [[01;35m[K-Wunused-parameter[m[K]
[3.867s]   407 |     void process_roundabout_path_decision(Vehicle& my_cav, [01;35m[Kconst std::string& zone[m[K, const std::string& my_id) {
[3.867s]       |                                                            [01;35m[K~~~~~~~~~~~~~~~~~~~^~~~[m[K
[3.868s] [01m[K/home/cav-06/KAIST_Mobility_Challenge_Hardware/ros2_ws/src/p3_cpp/src/main_p3.cpp:407:104:[m[K [01;35m[Kwarning: [m[Kunused parameter â€˜[01m[Kmy_id[m[Kâ€™ [[01;35m[K-Wunused-parameter[m[K]
[3.868s]   407 | ess_roundabout_path_decision(Vehicle& my_cav, const std::string& zone, [01;35m[Kconst std::string& my_id[m[K) {
[3.868s]       |                                                                        [01;35m[K~~~~~~~~~~~~~~~~~~~^~~~~[m[K
[3.868s] 
[3.886s] [01m[K/home/cav-06/KAIST_Mobility_Challenge_Hardware/ros2_ws/src/p3_cpp/src/main_p3.cpp:[m[K In member function â€˜[01m[Kvoid MainTrafficController::control_loop()[m[Kâ€™:
[3.886s] [01m[K/home/cav-06/KAIST_Mobility_Challenge_Hardware/ros2_ws/src/p3_cpp/src/main_p3.cpp:508:17:[m[K [01;31m[Kerror: [m[Kâ€˜[01m[Khandle_safe_zone_recovery[m[Kâ€™ was not declared in this scope
[3.887s]   508 |                 [01;31m[Khandle_safe_zone_recovery[m[K(my_cav, my_id);
[3.887s]       |                 [01;31m[K^~~~~~~~~~~~~~~~~~~~~~~~~[m[K
[8.302s] make[2]: *** [CMakeFiles/main_p3.dir/build.make:63: CMakeFiles/main_p3.dir/src/main_p3.cpp.o] Error 1
[8.302s] make[1]: *** [CMakeFiles/Makefile2:80: CMakeFiles/main_p3.dir/all] Error 2
[8.303s] make: *** [Makefile:141: all] Error 2
[8.309s] Invoked command in '/home/cav-06/KAIST_Mobility_Challenge_Hardware/ros2_ws/build/p3_cpp' returned '2': CMAKE_PREFIX_PATH=/opt/ros/foxy /usr/bin/cmake --build /home/cav-06/KAIST_Mobility_Challenge_Hardware/ros2_ws/build/p3_cpp -- -j4 -l4
