Performing C SOURCE FILE Test CMAKE_HAVE_LIBC_PTHREAD failed with the following output:
<<<<<<< HEAD
Change Dir: /home/cav-06/KAIST_Mobility_Challenge_Hardware/ros2_ws/build/p3_cpp/CMakeFiles/CMakeTmp

Run Build Command(s):/usr/bin/make cmTC_4b693/fast && /usr/bin/make -f CMakeFiles/cmTC_4b693.dir/build.make CMakeFiles/cmTC_4b693.dir/build
make[1]: Entering directory '/home/cav-06/KAIST_Mobility_Challenge_Hardware/ros2_ws/build/p3_cpp/CMakeFiles/CMakeTmp'
Building C object CMakeFiles/cmTC_4b693.dir/src.c.o
/usr/bin/cc   -DCMAKE_HAVE_LIBC_PTHREAD   -o CMakeFiles/cmTC_4b693.dir/src.c.o   -c /home/cav-06/KAIST_Mobility_Challenge_Hardware/ros2_ws/build/p3_cpp/CMakeFiles/CMakeTmp/src.c
Linking C executable cmTC_4b693
/usr/bin/cmake -E cmake_link_script CMakeFiles/cmTC_4b693.dir/link.txt --verbose=1
/usr/bin/cc  -DCMAKE_HAVE_LIBC_PTHREAD    CMakeFiles/cmTC_4b693.dir/src.c.o  -o cmTC_4b693 
/usr/bin/ld: CMakeFiles/cmTC_4b693.dir/src.c.o: in function `main':
=======
Change Dir: /home/cav-07/KAIST_Mobility_Challenge_Hardware/ros2_ws/build/p3_cpp/CMakeFiles/CMakeTmp

Run Build Command(s):/usr/bin/make cmTC_3bc5a/fast && /usr/bin/make -f CMakeFiles/cmTC_3bc5a.dir/build.make CMakeFiles/cmTC_3bc5a.dir/build
make[1]: Entering directory '/home/cav-07/KAIST_Mobility_Challenge_Hardware/ros2_ws/build/p3_cpp/CMakeFiles/CMakeTmp'
Building C object CMakeFiles/cmTC_3bc5a.dir/src.c.o
/usr/bin/cc   -DCMAKE_HAVE_LIBC_PTHREAD   -o CMakeFiles/cmTC_3bc5a.dir/src.c.o   -c /home/cav-07/KAIST_Mobility_Challenge_Hardware/ros2_ws/build/p3_cpp/CMakeFiles/CMakeTmp/src.c
Linking C executable cmTC_3bc5a
/usr/bin/cmake -E cmake_link_script CMakeFiles/cmTC_3bc5a.dir/link.txt --verbose=1
/usr/bin/cc  -DCMAKE_HAVE_LIBC_PTHREAD    CMakeFiles/cmTC_3bc5a.dir/src.c.o  -o cmTC_3bc5a 
/usr/bin/ld: CMakeFiles/cmTC_3bc5a.dir/src.c.o: in function `main':
>>>>>>> a61f35df3e42efd3f2f80f4a12e7ec9aed34c6f3
src.c:(.text+0x48): undefined reference to `pthread_create'
/usr/bin/ld: src.c:(.text+0x50): undefined reference to `pthread_detach'
/usr/bin/ld: src.c:(.text+0x5c): undefined reference to `pthread_join'
collect2: error: ld returned 1 exit status
<<<<<<< HEAD
make[1]: *** [CMakeFiles/cmTC_4b693.dir/build.make:87: cmTC_4b693] Error 1
make[1]: Leaving directory '/home/cav-06/KAIST_Mobility_Challenge_Hardware/ros2_ws/build/p3_cpp/CMakeFiles/CMakeTmp'
make: *** [Makefile:121: cmTC_4b693/fast] Error 2
=======
make[1]: *** [CMakeFiles/cmTC_3bc5a.dir/build.make:87: cmTC_3bc5a] Error 1
make[1]: Leaving directory '/home/cav-07/KAIST_Mobility_Challenge_Hardware/ros2_ws/build/p3_cpp/CMakeFiles/CMakeTmp'
make: *** [Makefile:121: cmTC_3bc5a/fast] Error 2
>>>>>>> a61f35df3e42efd3f2f80f4a12e7ec9aed34c6f3


Source file was:
#include <pthread.h>

void* test_func(void* data)
{
  return data;
}

int main(void)
{
  pthread_t thread;
  pthread_create(&thread, NULL, test_func, NULL);
  pthread_detach(thread);
  pthread_join(thread, NULL);
  pthread_atfork(NULL, NULL, NULL);
  pthread_exit(NULL);

  return 0;
}

Determining if the function pthread_create exists in the pthreads failed with the following output:
<<<<<<< HEAD
Change Dir: /home/cav-06/KAIST_Mobility_Challenge_Hardware/ros2_ws/build/p3_cpp/CMakeFiles/CMakeTmp

Run Build Command(s):/usr/bin/make cmTC_ff1c7/fast && /usr/bin/make -f CMakeFiles/cmTC_ff1c7.dir/build.make CMakeFiles/cmTC_ff1c7.dir/build
make[1]: Entering directory '/home/cav-06/KAIST_Mobility_Challenge_Hardware/ros2_ws/build/p3_cpp/CMakeFiles/CMakeTmp'
Building C object CMakeFiles/cmTC_ff1c7.dir/CheckFunctionExists.c.o
/usr/bin/cc   -DCHECK_FUNCTION_EXISTS=pthread_create   -o CMakeFiles/cmTC_ff1c7.dir/CheckFunctionExists.c.o   -c /usr/share/cmake-3.16/Modules/CheckFunctionExists.c
Linking C executable cmTC_ff1c7
/usr/bin/cmake -E cmake_link_script CMakeFiles/cmTC_ff1c7.dir/link.txt --verbose=1
/usr/bin/cc  -DCHECK_FUNCTION_EXISTS=pthread_create    CMakeFiles/cmTC_ff1c7.dir/CheckFunctionExists.c.o  -o cmTC_ff1c7  -lpthreads 
/usr/bin/ld: cannot find -lpthreads
collect2: error: ld returned 1 exit status
make[1]: *** [CMakeFiles/cmTC_ff1c7.dir/build.make:87: cmTC_ff1c7] Error 1
make[1]: Leaving directory '/home/cav-06/KAIST_Mobility_Challenge_Hardware/ros2_ws/build/p3_cpp/CMakeFiles/CMakeTmp'
make: *** [Makefile:121: cmTC_ff1c7/fast] Error 2
=======
Change Dir: /home/cav-07/KAIST_Mobility_Challenge_Hardware/ros2_ws/build/p3_cpp/CMakeFiles/CMakeTmp

Run Build Command(s):/usr/bin/make cmTC_8fa5f/fast && /usr/bin/make -f CMakeFiles/cmTC_8fa5f.dir/build.make CMakeFiles/cmTC_8fa5f.dir/build
make[1]: Entering directory '/home/cav-07/KAIST_Mobility_Challenge_Hardware/ros2_ws/build/p3_cpp/CMakeFiles/CMakeTmp'
Building C object CMakeFiles/cmTC_8fa5f.dir/CheckFunctionExists.c.o
/usr/bin/cc   -DCHECK_FUNCTION_EXISTS=pthread_create   -o CMakeFiles/cmTC_8fa5f.dir/CheckFunctionExists.c.o   -c /usr/share/cmake-3.16/Modules/CheckFunctionExists.c
Linking C executable cmTC_8fa5f
/usr/bin/cmake -E cmake_link_script CMakeFiles/cmTC_8fa5f.dir/link.txt --verbose=1
/usr/bin/cc  -DCHECK_FUNCTION_EXISTS=pthread_create    CMakeFiles/cmTC_8fa5f.dir/CheckFunctionExists.c.o  -o cmTC_8fa5f  -lpthreads 
/usr/bin/ld: cannot find -lpthreads
collect2: error: ld returned 1 exit status
make[1]: *** [CMakeFiles/cmTC_8fa5f.dir/build.make:87: cmTC_8fa5f] Error 1
make[1]: Leaving directory '/home/cav-07/KAIST_Mobility_Challenge_Hardware/ros2_ws/build/p3_cpp/CMakeFiles/CMakeTmp'
make: *** [Makefile:121: cmTC_8fa5f/fast] Error 2
>>>>>>> a61f35df3e42efd3f2f80f4a12e7ec9aed34c6f3



